<?xml version="1.0" encoding="UTF-8"?>
<testng-results ignored="0" total="1" passed="1" failed="0" skipped="0">
  <reporter-output>
  </reporter-output>
  <suite started-at="2022-11-20T14:17:24 IST" name="Default suite" finished-at="2022-11-20T14:17:31 IST" duration-ms="6371">
    <groups>
    </groups>
    <test started-at="2022-11-20T14:17:24 IST" name="Default test" finished-at="2022-11-20T14:17:31 IST" duration-ms="6371">
      <class name="UxBuyModule.UpstoxBuyTestClass2demo">
        <test-method is-config="true" signature="openBrowser()[pri:0, instance:UxBuyModule.UpstoxBuyTestClass2demo@61862a7f]" started-at="2022-11-20T14:17:24 IST" name="openBrowser" finished-at="2022-11-20T14:17:29 IST" duration-ms="4328" status="PASS">
          <reporter-output>
          </reporter-output>
        </test-method> <!-- openBrowser -->
        <test-method signature="addNewStxToList()[pri:0, instance:UxBuyModule.UpstoxBuyTestClass2demo@61862a7f]" started-at="2022-11-20T14:17:29 IST" name="addNewStxToList" finished-at="2022-11-20T14:17:31 IST" duration-ms="2016" status="PASS">
          <reporter-output>
          </reporter-output>
        </test-method> <!-- addNewStxToList -->
        <test-method is-config="true" signature="closeBrowser()[pri:0, instance:UxBuyModule.UpstoxBuyTestClass2demo@61862a7f]" started-at="2022-11-20T14:17:31 IST" name="closeBrowser" finished-at="2022-11-20T14:17:31 IST" duration-ms="0" status="PASS">
          <reporter-output>
          </reporter-output>
        </test-method> <!-- closeBrowser -->
      </class> <!-- UxBuyModule.UpstoxBuyTestClass2demo -->
    </test> <!-- Default test -->
  </suite> <!-- Default suite -->
</testng-results>
